[ 2016-12-15T00:01:49+08:00 ] 127.0.0.1 /foot/admin.php/Home/Access/accessnode.html
INFO: [ app_init ] --START--
INFO: Run Behavior\BuildLiteBehavior [ RunTime:0.000022s ]
INFO: [ app_init ] --END-- [ RunTime:0.000157s ]
INFO: [ app_begin ] --START--
INFO: Run Behavior\ReadHtmlCacheBehavior [ RunTime:0.000069s ]
INFO: [ app_begin ] --END-- [ RunTime:0.000129s ]

[ 2016-12-15T00:09:41+08:00 ] 127.0.0.1 /foot/admin.php/Home/Access/accessnode/id/1.html
INFO: [ app_init ] --START--
INFO: Run Behavior\BuildLiteBehavior [ RunTime:0.000028s ]
INFO: [ app_init ] --END-- [ RunTime:0.000222s ]
INFO: [ app_begin ] --START--
INFO: Run Behavior\ReadHtmlCacheBehavior [ RunTime:0.000103s ]
INFO: [ app_begin ] --END-- [ RunTime:0.000193s ]
SQL: SHOW COLUMNS FROM `news_think_access` [ RunTime:0.0021s ]
SQL: SELECT `node_id` FROM `news_think_access` WHERE `role_id` = 1  [ RunTime:0.0010s ]
SQL: SHOW COLUMNS FROM `news_think_node` [ RunTime:0.0018s ]
SQL: SELECT * FROM `news_think_node`  [ RunTime:0.0007s ]
INFO: [ view_parse ] --START--
INFO: [ template_filter ] --START--
INFO: Run Behavior\ContentReplaceBehavior [ RunTime:0.000185s ]
INFO: [ template_filter ] --END-- [ RunTime:0.000272s ]
NOTIC: [8] Undefined variable: info /var/www/foot/Backend/Runtime/Cache/Home/a8280d41e3b9f6283ed38e19ae4b29d8.php 第 199 行.
NOTIC: [8] Undefined variable: item /var/www/foot/Backend/Runtime/Cache/Home/a8280d41e3b9f6283ed38e19ae4b29d8.php 第 228 行.
INFO: Run Behavior\ParseTemplateBehavior [ RunTime:0.007344s ]
INFO: [ view_parse ] --END-- [ RunTime:0.007430s ]
INFO: [ view_filter ] --START--
INFO: Run Behavior\WriteHtmlCacheBehavior [ RunTime:0.000089s ]
INFO: [ view_filter ] --END-- [ RunTime:0.000132s ]
INFO: [ app_end ] --START--
INFO: Run Behavior\ShowPageTraceBehavior [ RunTime:0.000088s ]
INFO: [ app_end ] --END-- [ RunTime:0.000154s ]

[ 2016-12-15T00:09:54+08:00 ] 127.0.0.1 /foot/admin.php/Home/Access/accessnode.html
INFO: [ app_init ] --START--
INFO: Run Behavior\BuildLiteBehavior [ RunTime:0.000023s ]
INFO: [ app_init ] --END-- [ RunTime:0.000179s ]
INFO: [ app_begin ] --START--
INFO: Run Behavior\ReadHtmlCacheBehavior [ RunTime:0.000076s ]
INFO: [ app_begin ] --END-- [ RunTime:0.000147s ]
SQL: SHOW COLUMNS FROM `news_think_access` [ RunTime:0.0014s ]
NOTIC: [8] Undefined index: id /var/www/foot/Backend/Home/Controller/AccessController.class.php 第 186 行.
SQL: DELETE FROM `news_think_access` WHERE `role_id` = null [ RunTime:0.0004s ]
ERR: 1364:Field 'level' doesn't have a default value
 [ SQL语句 ] : INSERT INTO `news_think_access` (`role_id`,`node_id`) VALUES ('1','1')
ERR: 1364:Field 'level' doesn't have a default value
 [ SQL语句 ] : INSERT INTO `news_think_access` (`role_id`,`node_id`) VALUES ('1','1')

[ 2016-12-15T00:18:22+08:00 ] 127.0.0.1 /foot/admin.php/Home/Access/accessnode.html
INFO: [ app_init ] --START--
INFO: Run Behavior\BuildLiteBehavior [ RunTime:0.000036s ]
INFO: [ app_init ] --END-- [ RunTime:0.000279s ]
INFO: [ app_begin ] --START--
INFO: Run Behavior\ReadHtmlCacheBehavior [ RunTime:0.000261s ]
INFO: [ app_begin ] --END-- [ RunTime:0.000403s ]
ERR: syntax error, unexpected '}'

[ 2016-12-15T00:18:52+08:00 ] 127.0.0.1 /foot/admin.php/Home/Access/accessnode.html
INFO: [ app_init ] --START--
INFO: Run Behavior\BuildLiteBehavior [ RunTime:0.000203s ]
INFO: [ app_init ] --END-- [ RunTime:0.000428s ]
INFO: [ app_begin ] --START--
INFO: Run Behavior\ReadHtmlCacheBehavior [ RunTime:0.000157s ]
INFO: [ app_begin ] --END-- [ RunTime:0.000266s ]
SQL: SHOW COLUMNS FROM `news_think_node` [ RunTime:0.0016s ]
SQL: SELECT * FROM `news_think_node` WHERE `id` = 1 LIMIT 1   [ RunTime:0.0008s ]
SQL: SELECT * FROM `news_think_node` WHERE `id` = 2 LIMIT 1   [ RunTime:0.0007s ]
SQL: SELECT * FROM `news_think_node` WHERE `id` = 3 LIMIT 1   [ RunTime:0.0007s ]
SQL: SELECT * FROM `news_think_node` WHERE `id` = 4 LIMIT 1   [ RunTime:0.0006s ]
SQL: SELECT * FROM `news_think_node` WHERE `id` = 6 LIMIT 1   [ RunTime:0.0006s ]
SQL: SELECT * FROM `news_think_node` WHERE `id` = 7 LIMIT 1   [ RunTime:0.0006s ]
SQL: SELECT * FROM `news_think_node` WHERE `id` = 8 LIMIT 1   [ RunTime:0.0004s ]
SQL: SHOW COLUMNS FROM `news_think_access` [ RunTime:0.0013s ]
NOTIC: [8] Undefined index: id /var/www/foot/Backend/Home/Controller/AccessController.class.php 第 197 行.
SQL: DELETE FROM `news_think_access` WHERE `role_id` = null [ RunTime:0.0003s ]
SQL: INSERT INTO `news_think_access` (`role_id`,`node_id`,`level`) VALUES ('1','1','1') [ RunTime:0.0004s ]
SQL: INSERT INTO `news_think_access` (`role_id`,`node_id`,`level`) VALUES ('1','2','2') [ RunTime:0.0002s ]
SQL: INSERT INTO `news_think_access` (`role_id`,`node_id`,`level`) VALUES ('1','3','3') [ RunTime:0.0003s ]
SQL: INSERT INTO `news_think_access` (`role_id`,`node_id`,`level`) VALUES ('1','4','3') [ RunTime:0.0002s ]
SQL: INSERT INTO `news_think_access` (`role_id`,`node_id`,`level`) VALUES ('1','6','2') [ RunTime:0.0003s ]
SQL: INSERT INTO `news_think_access` (`role_id`,`node_id`,`level`) VALUES ('1','7','3') [ RunTime:0.0003s ]
SQL: INSERT INTO `news_think_access` (`role_id`,`node_id`,`level`) VALUES ('1','8','3') [ RunTime:0.0003s ]
INFO: [ app_end ] --START--
INFO: Run Behavior\ShowPageTraceBehavior [ RunTime:0.000165s ]
INFO: [ app_end ] --END-- [ RunTime:0.000235s ]

[ 2016-12-15T00:20:47+08:00 ] 127.0.0.1 /foot/admin.php/Home/Access/rolelist.html
INFO: [ app_init ] --START--
INFO: Run Behavior\BuildLiteBehavior [ RunTime:0.000018s ]
INFO: [ app_init ] --END-- [ RunTime:0.000140s ]
INFO: [ app_begin ] --START--
INFO: Run Behavior\ReadHtmlCacheBehavior [ RunTime:0.000063s ]
INFO: [ app_begin ] --END-- [ RunTime:0.000116s ]
SQL: SHOW COLUMNS FROM `news_think_role` [ RunTime:0.0011s ]
SQL: SELECT * FROM `news_think_role` WHERE `status` >= 0 LIMIT 0,10   [ RunTime:0.0004s ]
SQL: SELECT COUNT(*) AS tp_count FROM `news_think_role` WHERE `status` >= 0 LIMIT 1   [ RunTime:0.0003s ]
NOTIC: [2] Creating default object from empty value /var/www/foot/Backend/Home/Controller/AccessController.class.php 第 119 行.
NOTIC: [2] urlencode() expects parameter 1 to be string, array given /var/www/foot/Backend/Home/Controller/AccessController.class.php 第 121 行.
INFO: [ view_parse ] --START--
INFO: [ template_filter ] --START--
INFO: Run Behavior\ContentReplaceBehavior [ RunTime:0.000316s ]
INFO: [ template_filter ] --END-- [ RunTime:0.000423s ]
NOTIC: [8] Undefined index: btime /var/www/foot/Backend/Runtime/Cache/Home/132878b11805837fa7a43224982034fa.php 第 140 行.
NOTIC: [8] Undefined index: word /var/www/foot/Backend/Runtime/Cache/Home/132878b11805837fa7a43224982034fa.php 第 150 行.
NOTIC: [8] Undefined index: btime /var/www/foot/Backend/Runtime/Cache/Home/132878b11805837fa7a43224982034fa.php 第 150 行.
NOTIC: [8] Undefined index: etime /var/www/foot/Backend/Runtime/Cache/Home/132878b11805837fa7a43224982034fa.php 第 150 行.
NOTIC: [8] Undefined variable: item /var/www/foot/Backend/Runtime/Cache/Home/132878b11805837fa7a43224982034fa.php 第 303 行.
INFO: Run Behavior\ParseTemplateBehavior [ RunTime:0.010685s ]
INFO: [ view_parse ] --END-- [ RunTime:0.010772s ]
INFO: [ view_filter ] --START--
INFO: Run Behavior\WriteHtmlCacheBehavior [ RunTime:0.000115s ]
INFO: [ view_filter ] --END-- [ RunTime:0.000180s ]
INFO: [ app_end ] --START--
INFO: Run Behavior\ShowPageTraceBehavior [ RunTime:0.000071s ]
INFO: [ app_end ] --END-- [ RunTime:0.000125s ]

[ 2016-12-15T00:20:50+08:00 ] 127.0.0.1 /foot/admin.php/Home/Access/rolelist.html
INFO: [ app_init ] --START--
INFO: Run Behavior\BuildLiteBehavior [ RunTime:0.000023s ]
INFO: [ app_init ] --END-- [ RunTime:0.000172s ]
INFO: [ app_begin ] --START--
INFO: Run Behavior\ReadHtmlCacheBehavior [ RunTime:0.000078s ]
INFO: [ app_begin ] --END-- [ RunTime:0.000154s ]
SQL: SHOW COLUMNS FROM `news_think_role` [ RunTime:0.0015s ]
SQL: SELECT * FROM `news_think_role` WHERE `status` >= 0 LIMIT 0,10   [ RunTime:0.0006s ]
SQL: SELECT COUNT(*) AS tp_count FROM `news_think_role` WHERE `status` >= 0 LIMIT 1   [ RunTime:0.0004s ]
NOTIC: [2] Creating default object from empty value /var/www/foot/Backend/Home/Controller/AccessController.class.php 第 119 行.
NOTIC: [2] urlencode() expects parameter 1 to be string, array given /var/www/foot/Backend/Home/Controller/AccessController.class.php 第 121 行.
INFO: [ view_parse ] --START--
INFO: [ template_filter ] --START--
INFO: Run Behavior\ContentReplaceBehavior [ RunTime:0.000351s ]
INFO: [ template_filter ] --END-- [ RunTime:0.000468s ]
NOTIC: [8] Undefined index: btime /var/www/foot/Backend/Runtime/Cache/Home/132878b11805837fa7a43224982034fa.php 第 140 行.
NOTIC: [8] Undefined index: word /var/www/foot/Backend/Runtime/Cache/Home/132878b11805837fa7a43224982034fa.php 第 150 行.
NOTIC: [8] Undefined index: btime /var/www/foot/Backend/Runtime/Cache/Home/132878b11805837fa7a43224982034fa.php 第 150 行.
NOTIC: [8] Undefined index: etime /var/www/foot/Backend/Runtime/Cache/Home/132878b11805837fa7a43224982034fa.php 第 150 行.
NOTIC: [8] Undefined variable: item /var/www/foot/Backend/Runtime/Cache/Home/132878b11805837fa7a43224982034fa.php 第 303 行.
INFO: Run Behavior\ParseTemplateBehavior [ RunTime:0.011685s ]
INFO: [ view_parse ] --END-- [ RunTime:0.011776s ]
INFO: [ view_filter ] --START--
INFO: Run Behavior\WriteHtmlCacheBehavior [ RunTime:0.000113s ]
INFO: [ view_filter ] --END-- [ RunTime:0.000186s ]
INFO: [ app_end ] --START--
INFO: Run Behavior\ShowPageTraceBehavior [ RunTime:0.000071s ]
INFO: [ app_end ] --END-- [ RunTime:0.000128s ]

[ 2016-12-15T00:20:55+08:00 ] 127.0.0.1 /foot/admin.php/Home/Access/accessnode/id/1.html
INFO: [ app_init ] --START--
INFO: Run Behavior\BuildLiteBehavior [ RunTime:0.000017s ]
INFO: [ app_init ] --END-- [ RunTime:0.000128s ]
INFO: [ app_begin ] --START--
INFO: Run Behavior\ReadHtmlCacheBehavior [ RunTime:0.000055s ]
INFO: [ app_begin ] --END-- [ RunTime:0.000100s ]
SQL: SHOW COLUMNS FROM `news_think_access` [ RunTime:0.0013s ]
SQL: SELECT `node_id` FROM `news_think_access` WHERE `role_id` = 1  [ RunTime:0.0008s ]
SQL: SHOW COLUMNS FROM `news_think_node` [ RunTime:0.0010s ]
SQL: SELECT * FROM `news_think_node`  [ RunTime:0.0006s ]
INFO: [ view_parse ] --START--
INFO: [ template_filter ] --START--
INFO: Run Behavior\ContentReplaceBehavior [ RunTime:0.000293s ]
INFO: [ template_filter ] --END-- [ RunTime:0.000408s ]
NOTIC: [8] Undefined variable: info /var/www/foot/Backend/Runtime/Cache/Home/a8280d41e3b9f6283ed38e19ae4b29d8.php 第 199 行.
NOTIC: [8] Undefined variable: item /var/www/foot/Backend/Runtime/Cache/Home/a8280d41e3b9f6283ed38e19ae4b29d8.php 第 228 行.
INFO: Run Behavior\ParseTemplateBehavior [ RunTime:0.007319s ]
INFO: [ view_parse ] --END-- [ RunTime:0.007414s ]
INFO: [ view_filter ] --START--
INFO: Run Behavior\WriteHtmlCacheBehavior [ RunTime:0.000129s ]
INFO: [ view_filter ] --END-- [ RunTime:0.000203s ]
INFO: [ app_end ] --START--
INFO: Run Behavior\ShowPageTraceBehavior [ RunTime:0.000110s ]
INFO: [ app_end ] --END-- [ RunTime:0.000197s ]

[ 2016-12-15T00:21:07+08:00 ] 127.0.0.1 /foot/admin.php/Home/Access/accessnode.html
INFO: [ app_init ] --START--
INFO: Run Behavior\BuildLiteBehavior [ RunTime:0.000018s ]
INFO: [ app_init ] --END-- [ RunTime:0.000140s ]
INFO: [ app_begin ] --START--
INFO: Run Behavior\ReadHtmlCacheBehavior [ RunTime:0.000058s ]
INFO: [ app_begin ] --END-- [ RunTime:0.000111s ]
SQL: SHOW COLUMNS FROM `news_think_node` [ RunTime:0.0015s ]
SQL: SELECT * FROM `news_think_node` WHERE `id` = 1 LIMIT 1   [ RunTime:0.0006s ]
SQL: SHOW COLUMNS FROM `news_think_access` [ RunTime:0.0012s ]
NOTIC: [8] Undefined index: id /var/www/foot/Backend/Home/Controller/AccessController.class.php 第 197 行.
SQL: DELETE FROM `news_think_access` WHERE `role_id` = null [ RunTime:0.0005s ]
SQL: INSERT INTO `news_think_access` (`role_id`,`node_id`,`level`) VALUES ('1','1','1') [ RunTime:0.0005s ]
INFO: [ app_end ] --START--
INFO: Run Behavior\ShowPageTraceBehavior [ RunTime:0.000162s ]
INFO: [ app_end ] --END-- [ RunTime:0.000234s ]

[ 2016-12-15T00:23:58+08:00 ] 127.0.0.1 /foot/admin.php/Home/Access/accessnode.html
INFO: [ app_init ] --START--
INFO: Run Behavior\BuildLiteBehavior [ RunTime:0.000023s ]
INFO: [ app_init ] --END-- [ RunTime:0.000164s ]
INFO: [ app_begin ] --START--
INFO: Run Behavior\ReadHtmlCacheBehavior [ RunTime:0.000073s ]
INFO: [ app_begin ] --END-- [ RunTime:0.000133s ]
SQL: SHOW COLUMNS FROM `news_think_node` [ RunTime:0.0016s ]
SQL: SELECT * FROM `news_think_node` WHERE `id` = 1 LIMIT 1   [ RunTime:0.0009s ]
SQL: SHOW COLUMNS FROM `news_think_access` [ RunTime:0.0015s ]
SQL: DELETE FROM `news_think_access` WHERE `role_id` = 1 [ RunTime:0.0014s ]
SQL: INSERT INTO `news_think_access` (`role_id`,`node_id`,`level`) VALUES ('1','1','1') [ RunTime:0.0006s ]
INFO: [ app_end ] --START--
INFO: Run Behavior\ShowPageTraceBehavior [ RunTime:0.000170s ]
INFO: [ app_end ] --END-- [ RunTime:0.000244s ]

